[2019-10-25 15:36:19.981] [exthost] [info] extension host started
[2019-10-25 15:36:20.340] [exthost] [info] ExtensionService#_doActivateExtension HookyQR.beautify {"startup":true,"activationEvent":"*"}
[2019-10-25 15:36:20.351] [exthost] [info] ExtensionService#loadCommonJSModule /home/vinita/.p2/pool/plugins/pack.core.linux_3.5.0.201909121914/HookyQR.beautify-1.4.11/extension
[2019-10-25 15:36:20.602] [exthost] [info] ExtensionService#_doActivateExtension christian-kohler.path-intellisense {"startup":true,"activationEvent":"*"}
[2019-10-25 15:36:20.603] [exthost] [info] ExtensionService#loadCommonJSModule /home/vinita/.p2/pool/plugins/pack.core.linux_3.5.0.201909121914/christian-kohler.path-intellisense-1.4.2/out/src/extension
[2019-10-25 15:36:20.702] [exthost] [info] ExtensionService#_doActivateExtension dbaeumer.vscode-eslint {"startup":true,"activationEvent":"*"}
[2019-10-25 15:36:20.702] [exthost] [info] ExtensionService#loadCommonJSModule /home/vinita/.p2/pool/plugins/pack.core.linux_3.5.0.201909121914/dbaeumer.vscode-eslint-1.9.0/client/out/extension
[2019-10-25 15:36:21.062] [exthost] [info] ExtensionService#_doActivateExtension vscode.debug-auto-launch {"startup":true,"activationEvent":"*"}
[2019-10-25 15:36:21.062] [exthost] [info] ExtensionService#loadCommonJSModule /home/vinita/.p2/pool/plugins/com.genuitec.eclipse.code.engine.app.linux.x86_64_3.5.0.201909201758/engine/resources/app/extensions/debug-auto-launch/dist/extension
[2019-10-25 15:36:21.073] [exthost] [info] ExtensionService#_doActivateExtension vscode.emmet {"startup":true,"activationEvent":"*"}
[2019-10-25 15:36:21.096] [exthost] [info] ExtensionService#loadCommonJSModule /home/vinita/.p2/pool/plugins/com.genuitec.eclipse.code.engine.app.linux.x86_64_3.5.0.201909201758/engine/resources/app/extensions/emmet/dist/extension
[2019-10-25 15:36:21.157] [exthost] [info] ExtensionService#_doActivateExtension formulahendry.auto-close-tag {"startup":true,"activationEvent":"*"}
[2019-10-25 15:36:21.157] [exthost] [info] ExtensionService#loadCommonJSModule /home/vinita/.p2/pool/plugins/pack.core.linux_3.5.0.201909121914/formulahendry.auto-close-tag-0.5.6/out/src/extension
[2019-10-25 15:36:21.163] [exthost] [info] eager extensions activated
[2019-10-25 15:36:21.816] [exthost] [info] extension host started
[2019-10-25 15:36:21.888] [exthost] [info] ExtensionService#_doActivateExtension HookyQR.beautify {"startup":true,"activationEvent":"*"}
[2019-10-25 15:36:21.888] [exthost] [info] ExtensionService#loadCommonJSModule /home/vinita/.p2/pool/plugins/pack.core.linux_3.5.0.201909121914/HookyQR.beautify-1.4.11/extension
[2019-10-25 15:36:22.139] [exthost] [info] ExtensionService#_doActivateExtension christian-kohler.path-intellisense {"startup":true,"activationEvent":"*"}
[2019-10-25 15:36:22.139] [exthost] [info] ExtensionService#loadCommonJSModule /home/vinita/.p2/pool/plugins/pack.core.linux_3.5.0.201909121914/christian-kohler.path-intellisense-1.4.2/out/src/extension
[2019-10-25 15:36:22.179] [exthost] [info] ExtensionService#_doActivateExtension dbaeumer.vscode-eslint {"startup":true,"activationEvent":"*"}
[2019-10-25 15:36:22.179] [exthost] [info] ExtensionService#loadCommonJSModule /home/vinita/.p2/pool/plugins/pack.core.linux_3.5.0.201909121914/dbaeumer.vscode-eslint-1.9.0/client/out/extension
[2019-10-25 15:36:22.339] [exthost] [info] ExtensionService#_doActivateExtension vscode.debug-auto-launch {"startup":true,"activationEvent":"*"}
[2019-10-25 15:36:22.339] [exthost] [info] ExtensionService#loadCommonJSModule /home/vinita/.p2/pool/plugins/com.genuitec.eclipse.code.engine.app.linux.x86_64_3.5.0.201909201758/engine/resources/app/extensions/debug-auto-launch/dist/extension
[2019-10-25 15:36:22.352] [exthost] [info] ExtensionService#_doActivateExtension vscode.emmet {"startup":true,"activationEvent":"*"}
[2019-10-25 15:36:22.355] [exthost] [info] ExtensionService#loadCommonJSModule /home/vinita/.p2/pool/plugins/com.genuitec.eclipse.code.engine.app.linux.x86_64_3.5.0.201909201758/engine/resources/app/extensions/emmet/dist/extension
[2019-10-25 15:36:22.410] [exthost] [info] ExtensionService#_doActivateExtension formulahendry.auto-close-tag {"startup":true,"activationEvent":"*"}
[2019-10-25 15:36:22.410] [exthost] [info] ExtensionService#loadCommonJSModule /home/vinita/.p2/pool/plugins/pack.core.linux_3.5.0.201909121914/formulahendry.auto-close-tag-0.5.6/out/src/extension
[2019-10-25 15:36:22.417] [exthost] [info] ExtensionService#_doActivateExtension vscode.grunt {"startup":false,"activationEvent":"onCommand:workbench.action.tasks.runTask"}
[2019-10-25 15:36:22.417] [exthost] [info] ExtensionService#loadCommonJSModule /home/vinita/.p2/pool/plugins/com.genuitec.eclipse.code.engine.app.linux.x86_64_3.5.0.201909201758/engine/resources/app/extensions/grunt/dist/main
[2019-10-25 15:36:22.428] [exthost] [info] ExtensionService#_doActivateExtension vscode.gulp {"startup":false,"activationEvent":"onCommand:workbench.action.tasks.runTask"}
[2019-10-25 15:36:22.428] [exthost] [info] ExtensionService#loadCommonJSModule /home/vinita/.p2/pool/plugins/com.genuitec.eclipse.code.engine.app.linux.x86_64_3.5.0.201909201758/engine/resources/app/extensions/gulp/dist/main
[2019-10-25 15:36:22.436] [exthost] [info] ExtensionService#_doActivateExtension vscode.jake {"startup":false,"activationEvent":"onCommand:workbench.action.tasks.runTask"}
[2019-10-25 15:36:22.436] [exthost] [info] ExtensionService#loadCommonJSModule /home/vinita/.p2/pool/plugins/com.genuitec.eclipse.code.engine.app.linux.x86_64_3.5.0.201909201758/engine/resources/app/extensions/jake/dist/main
[2019-10-25 15:36:22.446] [exthost] [info] ExtensionService#_doActivateExtension vscode.npm {"startup":false,"activationEvent":"onCommand:workbench.action.tasks.runTask"}
[2019-10-25 15:36:22.446] [exthost] [info] ExtensionService#loadCommonJSModule /home/vinita/.p2/pool/plugins/com.genuitec.eclipse.code.engine.app.linux.x86_64_3.5.0.201909201758/engine/resources/app/extensions/npm/dist/main
[2019-10-25 15:36:22.489] [exthost] [info] ExtensionService#_doActivateExtension vscode.typescript-language-features {"startup":false,"activationEvent":"onCommand:workbench.action.tasks.runTask"}
[2019-10-25 15:36:22.489] [exthost] [info] ExtensionService#loadCommonJSModule /home/vinita/.p2/pool/plugins/com.genuitec.eclipse.code.engine.app.linux.x86_64_3.5.0.201909201758/engine/resources/app/extensions/typescript-language-features/dist/extension
[2019-10-25 15:36:22.717] [exthost] [info] eager extensions activated
